This is pdfTeX, Version 3.14159265-2.6-1.40.20 (MiKTeX 2.9.7250 64-bit) (preloaded format=pdflatex 2020.1.10)  25 JAN 2020 11:41
entering extended mode
**C:/Dropbox/Latex_code/test_epstopdf/dvips_MWE.tex
(C:/Dropbox/Latex_code/test_epstopdf/dvips_MWE.tex
LaTeX2e <2019-10-01> patch level 3
("C:\Dropbox\Programs\MiKTeX 2.9\tex/latex/base\article.cls"
Document Class: article 2019/10/25 v1.4k Standard LaTeX document class
("C:\Dropbox\Programs\MiKTeX 2.9\tex/latex/base\size12.clo"
File: size12.clo 2019/10/25 v1.4k Standard LaTeX file (size option)
)
\c@part=\count80
\c@section=\count81
\c@subsection=\count82
\c@subsubsection=\count83
\c@paragraph=\count84
\c@subparagraph=\count85
\c@figure=\count86
\c@table=\count87
\abovecaptionskip=\skip41
\belowcaptionskip=\skip42
\bibindent=\dimen102
) ("C:\Dropbox\Programs\MiKTeX 2.9\tex/latex/graphics\graphicx.sty"
Package: graphicx 2017/06/01 v1.1a Enhanced LaTeX Graphics (DPC,SPQR)
("C:\Dropbox\Programs\MiKTeX 2.9\tex/latex/graphics\keyval.sty"
Package: keyval 2014/10/28 v1.15 key=value parser (DPC)
\KV@toks@=\toks14
) ("C:\Dropbox\Programs\MiKTeX 2.9\tex/latex/graphics\graphics.sty"
Package: graphics 2019/11/01 v1.3d Standard LaTeX Graphics (DPC,SPQR)
("C:\Dropbox\Programs\MiKTeX 2.9\tex/latex/graphics\trig.sty"
Package: trig 2016/01/03 v1.10 sin cos tan (DPC)
) ("C:\Dropbox\Programs\MiKTeX 2.9\tex/latex/graphics-cfg\graphics.cfg"
File: graphics.cfg 2016/06/04 v1.11 sample graphics configuration
)
Package graphics Info: Driver file: dvips.def on input line 105.
("C:\Dropbox\Programs\MiKTeX 2.9\tex/latex/graphics-def\dvips.def"
File: dvips.def 2017/06/20 v3.1d Graphics/color driver for dvips
))
\Gin@req@height=\dimen103
\Gin@req@width=\dimen104
) (C:\Dropbox\Latex_code\test_epstopdf\build\dvips_MWE.aux)
\openout1 = `dvips_MWE.aux'.

LaTeX Font Info:    Checking defaults for OML/cmm/m/it on input line 7.
LaTeX Font Info:    ... okay on input line 7.
LaTeX Font Info:    Checking defaults for T1/cmr/m/n on input line 7.
LaTeX Font Info:    ... okay on input line 7.
LaTeX Font Info:    Checking defaults for OT1/cmr/m/n on input line 7.
LaTeX Font Info:    ... okay on input line 7.
LaTeX Font Info:    Checking defaults for OMS/cmsy/m/n on input line 7.
LaTeX Font Info:    ... okay on input line 7.
LaTeX Font Info:    Checking defaults for OMX/cmex/m/n on input line 7.
LaTeX Font Info:    ... okay on input line 7.
LaTeX Font Info:    Checking defaults for U/cmr/m/n on input line 7.
LaTeX Font Info:    ... okay on input line 7.
File: sample_eps_helvetica.eps Graphic file (type eps)
<sample_eps_helvetica.eps>
File: sample_eps_arial.eps Graphic file (type eps)
<sample_eps_arial.eps>
File: sample_eps_times.eps Graphic file (type eps)
<sample_eps_times.eps>
Overfull \hbox (17.62482pt too wide) in paragraph at lines 9--12
[][]
 []

[1
Non-PDF special ignored!
<special> papersize=614.295pt,794.96999pt

Non-PDF special ignored!
<special> PSfile="sample_eps_helvetica.eps" llx=0 lly=0 urx=396 ury=288 rwi...
{C:/Users/Sean Higgins/AppData/Local/MiKTeX/2.9/pdftex/config/pdftex.map}] [2
Non-PDF special ignored!
<special> PSfile="sample_eps_arial.eps" llx=0 lly=0 urx=396 ury=288 rwi=388...
] [3
Non-PDF special ignored!
<special> PSfile="sample_eps_times.eps" llx=0 lly=0 urx=396 ury=288 rwi=388...
] (C:\Dropbox\Latex_code\test_epstopdf\build\dvips_MWE.aux) ) 
Here is how much of TeX's memory you used:
 593 strings out of 492484
 7745 string characters out of 3129678
 67009 words of memory out of 3000000
 4996 multiletter control sequences out of 15000+200000
 3938 words of font info for 15 fonts, out of 3000000 for 9000
 1141 hyphenation exceptions out of 8191
 30i,4n,25p,240b,148s stack positions out of 5000i,500n,10000p,200000b,50000s
<C:/Dropbox/Progra
ms/MiKTeX 2.9/fonts/type1/public/amsfonts/cm/cmr12.pfb>
Output written on C:\Dropbox\Latex_code\test_epstopdf\build\dvips_MWE.pdf (3 pa
ges, 9560 bytes).
PDF statistics:
 16 PDF objects out of 1000 (max. 8388607)
 0 named destinations out of 1000 (max. 500000)
 1 words of extra memory for PDF output out of 10000 (max. 10000000)

